The target system is: Generic -  - m68k
The host system is: Linux - 4.4.0-21-generic - x86_64
Compiling the C compiler identification source file "CMakeCCompilerId.c" succeeded.
Compiler: /opt/amiga/bin/m68k-amigaos-gcc 
Build flags: ;-m68020;-msoft-float;-fomit-frame-pointer;-s;-noixemul;-m68020;-msoft-float;-fomit-frame-pointer;-s;-noixemul
Id flags:  

The output was:
0


Compilation of the C compiler identification source "CMakeCCompilerId.c" produced "a.out"

The C compiler identification is GNU, found in "/root/ACE/game/CMakeFiles/3.10.2/CompilerIdC/a.out"

Compiling the CXX compiler identification source file "CMakeCXXCompilerId.cpp" succeeded.
Compiler: /opt/amiga/bin/m68k-amigaos-g++ 
Build flags: ;-m68020;-msoft-float;-fomit-frame-pointer;-s;-noixemul;-fno-exceptions;-fpermissive;-fno-rtti;-m68020;-msoft-float;-fomit-frame-pointer;-s;-noixemul;-fno-exceptions;-fpermissive;-fno-rtti
Id flags:  

The output was:
0


Compilation of the CXX compiler identification source "CMakeCXXCompilerId.cpp" produced "a.out"

The CXX compiler identification is GNU, found in "/root/ACE/game/CMakeFiles/3.10.2/CompilerIdCXX/a.out"

Determining if the C compiler works passed with the following output:
Change Dir: /root/ACE/game/CMakeFiles/CMakeTmp

Run Build Command:"/usr/bin/make" "cmTC_6bc57/fast"
/usr/bin/make -f CMakeFiles/cmTC_6bc57.dir/build.make CMakeFiles/cmTC_6bc57.dir/build
make[1]: Entering directory '/root/ACE/game/CMakeFiles/CMakeTmp'
Building C object CMakeFiles/cmTC_6bc57.dir/testCCompiler.c.obj
/opt/amiga/bin/m68k-amigaos-gcc --sysroot=/opt/m68k-amigaos    -o CMakeFiles/cmTC_6bc57.dir/testCCompiler.c.obj   -c /root/ACE/game/CMakeFiles/CMakeTmp/testCCompiler.c
Linking C static library libcmTC_6bc57.a
/usr/bin/cmake -P CMakeFiles/cmTC_6bc57.dir/cmake_clean_target.cmake
/usr/bin/cmake -E cmake_link_script CMakeFiles/cmTC_6bc57.dir/link.txt --verbose=1
/opt/amiga/bin/m68k-amigaos-ar qc libcmTC_6bc57.a  CMakeFiles/cmTC_6bc57.dir/testCCompiler.c.obj
/opt/amiga/bin/m68k-amigaos-ranlib libcmTC_6bc57.a
make[1]: Leaving directory '/root/ACE/game/CMakeFiles/CMakeTmp'


Detecting C compiler ABI info compiled with the following output:
Change Dir: /root/ACE/game/CMakeFiles/CMakeTmp

Run Build Command:"/usr/bin/make" "cmTC_4c14f/fast"
/usr/bin/make -f CMakeFiles/cmTC_4c14f.dir/build.make CMakeFiles/cmTC_4c14f.dir/build
make[1]: Entering directory '/root/ACE/game/CMakeFiles/CMakeTmp'
Building C object CMakeFiles/cmTC_4c14f.dir/CMakeCCompilerABI.c.obj
/opt/amiga/bin/m68k-amigaos-gcc --sysroot=/opt/m68k-amigaos    -o CMakeFiles/cmTC_4c14f.dir/CMakeCCompilerABI.c.obj   -c /usr/share/cmake-3.10/Modules/CMakeCCompilerABI.c
Linking C static library libcmTC_4c14f.a
/usr/bin/cmake -P CMakeFiles/cmTC_4c14f.dir/cmake_clean_target.cmake
/usr/bin/cmake -E cmake_link_script CMakeFiles/cmTC_4c14f.dir/link.txt --verbose=1
/opt/amiga/bin/m68k-amigaos-ar qc libcmTC_4c14f.a  CMakeFiles/cmTC_4c14f.dir/CMakeCCompilerABI.c.obj
/opt/amiga/bin/m68k-amigaos-ranlib libcmTC_4c14f.a
make[1]: Leaving directory '/root/ACE/game/CMakeFiles/CMakeTmp'


Parsed C implicit link information from above output:
  link line regex: [^( *|.*[/\])(m68k-amigaos-ld|CMAKE_LINK_STARTFILE-NOTFOUND|([^/\]+-)?ld|collect2)[^/\]*( |$)]
  ignore line: [Change Dir: /root/ACE/game/CMakeFiles/CMakeTmp]
  ignore line: []
  ignore line: [Run Build Command:"/usr/bin/make" "cmTC_4c14f/fast"]
  ignore line: [/usr/bin/make -f CMakeFiles/cmTC_4c14f.dir/build.make CMakeFiles/cmTC_4c14f.dir/build]
  ignore line: [make[1]: Entering directory '/root/ACE/game/CMakeFiles/CMakeTmp']
  ignore line: [Building C object CMakeFiles/cmTC_4c14f.dir/CMakeCCompilerABI.c.obj]
  ignore line: [/opt/amiga/bin/m68k-amigaos-gcc --sysroot=/opt/m68k-amigaos    -o CMakeFiles/cmTC_4c14f.dir/CMakeCCompilerABI.c.obj   -c /usr/share/cmake-3.10/Modules/CMakeCCompilerABI.c]
  ignore line: [Linking C static library libcmTC_4c14f.a]
  ignore line: [/usr/bin/cmake -P CMakeFiles/cmTC_4c14f.dir/cmake_clean_target.cmake]
  ignore line: [/usr/bin/cmake -E cmake_link_script CMakeFiles/cmTC_4c14f.dir/link.txt --verbose=1]
  ignore line: [/opt/amiga/bin/m68k-amigaos-ar qc libcmTC_4c14f.a  CMakeFiles/cmTC_4c14f.dir/CMakeCCompilerABI.c.obj]
  ignore line: [/opt/amiga/bin/m68k-amigaos-ranlib libcmTC_4c14f.a]
  ignore line: [make[1]: Leaving directory '/root/ACE/game/CMakeFiles/CMakeTmp']
  ignore line: []
  implicit libs: []
  implicit dirs: []
  implicit fwks: []




Detecting C [-std=c11] compiler features compiled with the following output:
Change Dir: /root/ACE/game/CMakeFiles/CMakeTmp

Run Build Command:"/usr/bin/make" "cmTC_5f2b9/fast"
/usr/bin/make -f CMakeFiles/cmTC_5f2b9.dir/build.make CMakeFiles/cmTC_5f2b9.dir/build
make[1]: Entering directory '/root/ACE/game/CMakeFiles/CMakeTmp'
Building C object CMakeFiles/cmTC_5f2b9.dir/feature_tests.c.obj
/opt/amiga/bin/m68k-amigaos-gcc --sysroot=/opt/m68k-amigaos   -std=c11 -o CMakeFiles/cmTC_5f2b9.dir/feature_tests.c.obj   -c /root/ACE/game/CMakeFiles/feature_tests.c
Linking C static library libcmTC_5f2b9.a
/usr/bin/cmake -P CMakeFiles/cmTC_5f2b9.dir/cmake_clean_target.cmake
/usr/bin/cmake -E cmake_link_script CMakeFiles/cmTC_5f2b9.dir/link.txt --verbose=1
/opt/amiga/bin/m68k-amigaos-ar qc libcmTC_5f2b9.a  CMakeFiles/cmTC_5f2b9.dir/feature_tests.c.obj
/opt/amiga/bin/m68k-amigaos-ranlib libcmTC_5f2b9.a
make[1]: Leaving directory '/root/ACE/game/CMakeFiles/CMakeTmp'


    Feature record: C_FEATURE:1c_function_prototypes
    Feature record: C_FEATURE:1c_restrict
    Feature record: C_FEATURE:1c_static_assert
    Feature record: C_FEATURE:1c_variadic_macros
